2026-05-23 13:13:52[INFO]org.hibernate.validator.internal.util.Version-HV000001: Hibernate Validator 9.0.1.Final
2026-05-23 13:13:52[INFO]com.abubakar.connectify.ConnectifyApplication-Starting ConnectifyApplication using Java 21.0.9 with PID 15120 (C:\Users\wwwab\Desktop\Sem4InternshipPresentation\2\Connectify\backend\target\classes started by wwwab in C:\Users\wwwab\Desktop\Sem4InternshipPresentation\2\Connectify)
2026-05-23 13:13:52[DEBUG]com.abubakar.connectify.ConnectifyApplication-Running with Spring Boot v4.0.6, Spring v7.0.7
2026-05-23 13:13:52[INFO]com.abubakar.connectify.ConnectifyApplication-The following 1 profile is active: "dev"
2026-05-23 13:13:53[INFO]org.springframework.data.repository.config.RepositoryConfigurationDelegate-Multiple Spring Data modules found, entering strict repository configuration mode
2026-05-23 13:13:53[INFO]org.springframework.data.repository.config.RepositoryConfigurationDelegate-Bootstrapping Spring Data JPA repositories in DEFAULT mode.
2026-05-23 13:13:54[INFO]org.springframework.data.repository.config.RepositoryConfigurationDelegate-Finished Spring Data repository scanning in 255 ms. Found 17 JPA repository interfaces.
2026-05-23 13:13:54[INFO]org.springframework.data.repository.config.RepositoryConfigurationDelegate-Multiple Spring Data modules found, entering strict repository configuration mode
2026-05-23 13:13:54[INFO]org.springframework.data.repository.config.RepositoryConfigurationDelegate-Bootstrapping Spring Data Redis repositories in DEFAULT mode.
2026-05-23 13:13:54[INFO]org.springframework.data.repository.config.RepositoryConfigurationExtensionSupport-Spring Data Redis - Could not safely identify store assignment for repository candidate interface com.abubakar.connectify.repository.ChatParticipantRepository; If you want this repository to be a Redis repository, consider annotating your entities with one of these annotations: org.springframework.data.redis.core.RedisHash (preferred), or consider extending one of the following types with your repository: org.springframework.data.keyvalue.repository.KeyValueRepository
2026-05-23 13:13:54[INFO]org.springframework.data.repository.config.RepositoryConfigurationExtensionSupport-Spring Data Redis - Could not safely identify store assignment for repository candidate interface com.abubakar.connectify.repository.ChatRepository; If you want this repository to be a Redis repository, consider annotating your entities with one of these annotations: org.springframework.data.redis.core.RedisHash (preferred), or consider extending one of the following types with your repository: org.springframework.data.keyvalue.repository.KeyValueRepository
2026-05-23 13:13:54[INFO]org.springframework.data.repository.config.RepositoryConfigurationExtensionSupport-Spring Data Redis - Could not safely identify store assignment for repository candidate interface com.abubakar.connectify.repository.CommentRepository; If you want this repository to be a Redis repository, consider annotating your entities with one of these annotations: org.springframework.data.redis.core.RedisHash (preferred), or consider extending one of the following types with your repository: org.springframework.data.keyvalue.repository.KeyValueRepository
2026-05-23 13:13:54[INFO]org.springframework.data.repository.config.RepositoryConfigurationExtensionSupport-Spring Data Redis - Could not safely identify store assignment for repository candidate interface com.abubakar.connectify.repository.FollowRepository; If you want this repository to be a Redis repository, consider annotating your entities with one of these annotations: org.springframework.data.redis.core.RedisHash (preferred), or consider extending one of the following types with your repository: org.springframework.data.keyvalue.repository.KeyValueRepository
2026-05-23 13:13:54[INFO]org.springframework.data.repository.config.RepositoryConfigurationExtensionSupport-Spring Data Redis - Could not safely identify store assignment for repository candidate interface com.abubakar.connectify.repository.HashtagRepository; If you want this repository to be a Redis repository, consider annotating your entities with one of these annotations: org.springframework.data.redis.core.RedisHash (preferred), or consider extending one of the following types with your repository: org.springframework.data.keyvalue.repository.KeyValueRepository
2026-05-23 13:13:54[INFO]org.springframework.data.repository.config.RepositoryConfigurationExtensionSupport-Spring Data Redis - Could not safely identify store assignment for repository candidate interface com.abubakar.connectify.repository.LikeRepository; If you want this repository to be a Redis repository, consider annotating your entities with one of these annotations: org.springframework.data.redis.core.RedisHash (preferred), or consider extending one of the following types with your repository: org.springframework.data.keyvalue.repository.KeyValueRepository
2026-05-23 13:13:54[INFO]org.springframework.data.repository.config.RepositoryConfigurationExtensionSupport-Spring Data Redis - Could not safely identify store assignment for repository candidate interface com.abubakar.connectify.repository.MediaRepository; If you want this repository to be a Redis repository, consider annotating your entities with one of these annotations: org.springframework.data.redis.core.RedisHash (preferred), or consider extending one of the following types with your repository: org.springframework.data.keyvalue.repository.KeyValueRepository
2026-05-23 13:13:54[INFO]org.springframework.data.repository.config.RepositoryConfigurationExtensionSupport-Spring Data Redis - Could not safely identify store assignment for repository candidate interface com.abubakar.connectify.repository.MessageRepository; If you want this repository to be a Redis repository, consider annotating your entities with one of these annotations: org.springframework.data.redis.core.RedisHash (preferred), or consider extending one of the following types with your repository: org.springframework.data.keyvalue.repository.KeyValueRepository
2026-05-23 13:13:54[INFO]org.springframework.data.repository.config.RepositoryConfigurationExtensionSupport-Spring Data Redis - Could not safely identify store assignment for repository candidate interface com.abubakar.connectify.repository.NotificationRepository; If you want this repository to be a Redis repository, consider annotating your entities with one of these annotations: org.springframework.data.redis.core.RedisHash (preferred), or consider extending one of the following types with your repository: org.springframework.data.keyvalue.repository.KeyValueRepository
2026-05-23 13:13:54[INFO]org.springframework.data.repository.config.RepositoryConfigurationExtensionSupport-Spring Data Redis - Could not safely identify store assignment for repository candidate interface com.abubakar.connectify.repository.PostRepository; If you want this repository to be a Redis repository, consider annotating your entities with one of these annotations: org.springframework.data.redis.core.RedisHash (preferred), or consider extending one of the following types with your repository: org.springframework.data.keyvalue.repository.KeyValueRepository
2026-05-23 13:13:54[INFO]org.springframework.data.repository.config.RepositoryConfigurationExtensionSupport-Spring Data Redis - Could not safely identify store assignment for repository candidate interface com.abubakar.connectify.repository.ReportRepository; If you want this repository to be a Redis repository, consider annotating your entities with one of these annotations: org.springframework.data.redis.core.RedisHash (preferred), or consider extending one of the following types with your repository: org.springframework.data.keyvalue.repository.KeyValueRepository
2026-05-23 13:13:54[INFO]org.springframework.data.repository.config.RepositoryConfigurationExtensionSupport-Spring Data Redis - Could not safely identify store assignment for repository candidate interface com.abubakar.connectify.repository.SavedPostRepository; If you want this repository to be a Redis repository, consider annotating your entities with one of these annotations: org.springframework.data.redis.core.RedisHash (preferred), or consider extending one of the following types with your repository: org.springframework.data.keyvalue.repository.KeyValueRepository
2026-05-23 13:13:54[INFO]org.springframework.data.repository.config.RepositoryConfigurationExtensionSupport-Spring Data Redis - Could not safely identify store assignment for repository candidate interface com.abubakar.connectify.repository.StoryReactionRepository; If you want this repository to be a Redis repository, consider annotating your entities with one of these annotations: org.springframework.data.redis.core.RedisHash (preferred), or consider extending one of the following types with your repository: org.springframework.data.keyvalue.repository.KeyValueRepository
2026-05-23 13:13:54[INFO]org.springframework.data.repository.config.RepositoryConfigurationExtensionSupport-Spring Data Redis - Could not safely identify store assignment for repository candidate interface com.abubakar.connectify.repository.StoryReplyRepository; If you want this repository to be a Redis repository, consider annotating your entities with one of these annotations: org.springframework.data.redis.core.RedisHash (preferred), or consider extending one of the following types with your repository: org.springframework.data.keyvalue.repository.KeyValueRepository
2026-05-23 13:13:54[INFO]org.springframework.data.repository.config.RepositoryConfigurationExtensionSupport-Spring Data Redis - Could not safely identify store assignment for repository candidate interface com.abubakar.connectify.repository.StoryRepository; If you want this repository to be a Redis repository, consider annotating your entities with one of these annotations: org.springframework.data.redis.core.RedisHash (preferred), or consider extending one of the following types with your repository: org.springframework.data.keyvalue.repository.KeyValueRepository
2026-05-23 13:13:54[INFO]org.springframework.data.repository.config.RepositoryConfigurationExtensionSupport-Spring Data Redis - Could not safely identify store assignment for repository candidate interface com.abubakar.connectify.repository.StoryViewRepository; If you want this repository to be a Redis repository, consider annotating your entities with one of these annotations: org.springframework.data.redis.core.RedisHash (preferred), or consider extending one of the following types with your repository: org.springframework.data.keyvalue.repository.KeyValueRepository
2026-05-23 13:13:54[INFO]org.springframework.data.repository.config.RepositoryConfigurationExtensionSupport-Spring Data Redis - Could not safely identify store assignment for repository candidate interface com.abubakar.connectify.repository.UserRepository; If you want this repository to be a Redis repository, consider annotating your entities with one of these annotations: org.springframework.data.redis.core.RedisHash (preferred), or consider extending one of the following types with your repository: org.springframework.data.keyvalue.repository.KeyValueRepository
2026-05-23 13:13:54[INFO]org.springframework.data.repository.config.RepositoryConfigurationDelegate-Finished Spring Data repository scanning in 16 ms. Found 0 Redis repository interfaces.
2026-05-23 13:13:55[INFO]org.springframework.boot.tomcat.TomcatWebServer-Tomcat initialized with port 8080 (http)
2026-05-23 13:13:55[INFO]org.apache.coyote.http11.Http11NioProtocol-Initializing ProtocolHandler ["http-nio-8080"]
2026-05-23 13:13:55[INFO]org.apache.catalina.core.StandardService-Starting service [Tomcat]
2026-05-23 13:13:55[INFO]org.apache.catalina.core.StandardEngine-Starting Servlet engine: [Apache Tomcat/11.0.21]
2026-05-23 13:13:55[INFO]org.springframework.boot.web.context.servlet.WebApplicationContextInitializer-Root WebApplicationContext: initialization completed in 2582 ms
2026-05-23 13:13:55[INFO]org.hibernate.orm.jpa-HHH008540: Processing PersistenceUnitInfo [name: default]
2026-05-23 13:13:55[INFO]org.hibernate.orm.core-HHH000001: Hibernate ORM core version 7.2.12.Final
2026-05-23 13:13:55[INFO]org.springframework.orm.jpa.persistenceunit.SpringPersistenceUnitInfo-No LoadTimeWeaver setup: ignoring JPA class transformer
2026-05-23 13:13:55[INFO]com.zaxxer.hikari.HikariDataSource-HikariPool-1 - Starting...
2026-05-23 13:13:56[INFO]com.zaxxer.hikari.pool.HikariPool-HikariPool-1 - Added connection com.mysql.cj.jdbc.ConnectionImpl@7f9d40b3
2026-05-23 13:13:56[INFO]com.zaxxer.hikari.HikariDataSource-HikariPool-1 - Start completed.
2026-05-23 13:13:56[INFO]org.hibernate.orm.connections.pooling-HHH10001005: Database info:
	Database JDBC URL [jdbc:mysql://localhost:3306/connectifyApp]
	Database driver: MySQL Connector/J
	Database dialect: MySQLDialect
	Database version: 8.0.43
	Default catalog/schema: connectifyApp/undefined
	Autocommit mode: undefined/unknown
	Isolation level: REPEATABLE_READ [default REPEATABLE_READ]
	JDBC fetch size: none
	Pool: DataSourceConnectionProvider
	Minimum pool size: undefined/unknown
	Maximum pool size: undefined/unknown
2026-05-23 13:13:57[INFO]org.hibernate.orm.core-HHH000489: No JTA platform available (set 'hibernate.transaction.jta.platform' to enable JTA platform integration)
2026-05-23 13:13:58[INFO]org.springframework.orm.jpa.LocalContainerEntityManagerFactoryBean-Initialized JPA EntityManagerFactory for persistence unit 'default'
2026-05-23 13:13:58[INFO]org.springframework.data.jpa.repository.query.QueryEnhancerFactories-Hibernate is in classpath; If applicable, HQL parser will be used.
2026-05-23 13:13:59[DEBUG]com.abubakar.connectify.security.JwtFilter-Filter 'jwtFilter' configured for use
2026-05-23 13:13:59[INFO]org.springframework.security.config.annotation.authentication.configuration.InitializeAuthenticationProviderBeanManagerConfigurer$InitializeAuthenticationProviderManagerConfigurer-Global AuthenticationManager configured with AuthenticationProvider bean with name authenticationProvider
2026-05-23 13:13:59[WARN]org.springframework.security.config.annotation.authentication.configuration.InitializeUserDetailsBeanManagerConfigurer$InitializeUserDetailsManagerConfigurer-Global AuthenticationManager configured with an AuthenticationProvider bean. UserDetailsService beans will not be used by Spring Security for automatically configuring username/password login. Consider removing the AuthenticationProvider bean. Alternatively, consider using the UserDetailsService in a manually instantiated DaoAuthenticationProvider. If the current configuration is intentional, to turn off this warning, increase the logging level of 'org.springframework.security.config.annotation.authentication.configuration.InitializeUserDetailsBeanManagerConfigurer' to ERROR
2026-05-23 13:14:00[WARN]org.springframework.boot.jpa.autoconfigure.JpaBaseConfiguration$JpaWebConfiguration-spring.jpa.open-in-view is enabled by default. Therefore, database queries may be performed during view rendering. Explicitly configure spring.jpa.open-in-view to disable this warning
2026-05-23 13:14:01[INFO]org.apache.coyote.http11.Http11NioProtocol-Starting ProtocolHandler ["http-nio-8080"]
2026-05-23 13:14:01[INFO]org.springframework.boot.tomcat.TomcatWebServer-Tomcat started on port 8080 (http) with context path '/'
2026-05-23 13:14:01[INFO]com.abubakar.connectify.ConnectifyApplication-Started ConnectifyApplication in 9.326 seconds (process running for 9.952)
2026-05-23 13:14:01[INFO]com.abubakar.connectify.configuration.StoryCleanupScheduler-Running story cleanup job
2026-05-23 13:14:01[INFO]com.abubakar.connectify.configuration.StoryCleanupScheduler-Expired stories found: 0
2026-05-23 13:14:01[INFO]com.abubakar.connectify.configuration.StoryCleanupScheduler-Story cleanup completed
2026-05-23 13:14:06[INFO]org.springframework.boot.tomcat.GracefulShutdown-Commencing graceful shutdown. Waiting for active requests to complete
2026-05-23 13:14:06[INFO]org.springframework.boot.tomcat.GracefulShutdown-Graceful shutdown complete
2026-05-23 13:14:06[INFO]org.springframework.orm.jpa.LocalContainerEntityManagerFactoryBean-Closing JPA EntityManagerFactory for persistence unit 'default'
2026-05-23 13:14:06[INFO]com.zaxxer.hikari.HikariDataSource-HikariPool-1 - Shutdown initiated...
2026-05-23 13:14:06[INFO]com.zaxxer.hikari.HikariDataSource-HikariPool-1 - Shutdown completed.
2026-05-23 17:14:20[INFO]org.hibernate.validator.internal.util.Version-HV000001: Hibernate Validator 9.0.1.Final
2026-05-23 17:14:20[INFO]com.abubakar.connectify.ConnectifyApplication-Starting ConnectifyApplication using Java 21.0.9 with PID 16592 (C:\Users\wwwab\Desktop\Sem4InternshipPresentation\2\Connectify\backend\target\classes started by wwwab in C:\Users\wwwab\Desktop\Sem4InternshipPresentation\2\Connectify)
2026-05-23 17:14:20[DEBUG]com.abubakar.connectify.ConnectifyApplication-Running with Spring Boot v4.0.6, Spring v7.0.7
2026-05-23 17:14:20[INFO]com.abubakar.connectify.ConnectifyApplication-The following 1 profile is active: "dev"
2026-05-23 17:14:21[INFO]org.springframework.data.repository.config.RepositoryConfigurationDelegate-Multiple Spring Data modules found, entering strict repository configuration mode
2026-05-23 17:14:21[INFO]org.springframework.data.repository.config.RepositoryConfigurationDelegate-Bootstrapping Spring Data JPA repositories in DEFAULT mode.
2026-05-23 17:14:22[INFO]org.springframework.data.repository.config.RepositoryConfigurationDelegate-Finished Spring Data repository scanning in 245 ms. Found 17 JPA repository interfaces.
2026-05-23 17:14:22[INFO]org.springframework.data.repository.config.RepositoryConfigurationDelegate-Multiple Spring Data modules found, entering strict repository configuration mode
2026-05-23 17:14:22[INFO]org.springframework.data.repository.config.RepositoryConfigurationDelegate-Bootstrapping Spring Data Redis repositories in DEFAULT mode.
2026-05-23 17:14:22[INFO]org.springframework.data.repository.config.RepositoryConfigurationExtensionSupport-Spring Data Redis - Could not safely identify store assignment for repository candidate interface com.abubakar.connectify.repository.ChatParticipantRepository; If you want this repository to be a Redis repository, consider annotating your entities with one of these annotations: org.springframework.data.redis.core.RedisHash (preferred), or consider extending one of the following types with your repository: org.springframework.data.keyvalue.repository.KeyValueRepository
2026-05-23 17:14:22[INFO]org.springframework.data.repository.config.RepositoryConfigurationExtensionSupport-Spring Data Redis - Could not safely identify store assignment for repository candidate interface com.abubakar.connectify.repository.ChatRepository; If you want this repository to be a Redis repository, consider annotating your entities with one of these annotations: org.springframework.data.redis.core.RedisHash (preferred), or consider extending one of the following types with your repository: org.springframework.data.keyvalue.repository.KeyValueRepository
2026-05-23 17:14:22[INFO]org.springframework.data.repository.config.RepositoryConfigurationExtensionSupport-Spring Data Redis - Could not safely identify store assignment for repository candidate interface com.abubakar.connectify.repository.CommentRepository; If you want this repository to be a Redis repository, consider annotating your entities with one of these annotations: org.springframework.data.redis.core.RedisHash (preferred), or consider extending one of the following types with your repository: org.springframework.data.keyvalue.repository.KeyValueRepository
2026-05-23 17:14:22[INFO]org.springframework.data.repository.config.RepositoryConfigurationExtensionSupport-Spring Data Redis - Could not safely identify store assignment for repository candidate interface com.abubakar.connectify.repository.FollowRepository; If you want this repository to be a Redis repository, consider annotating your entities with one of these annotations: org.springframework.data.redis.core.RedisHash (preferred), or consider extending one of the following types with your repository: org.springframework.data.keyvalue.repository.KeyValueRepository
2026-05-23 17:14:22[INFO]org.springframework.data.repository.config.RepositoryConfigurationExtensionSupport-Spring Data Redis - Could not safely identify store assignment for repository candidate interface com.abubakar.connectify.repository.HashtagRepository; If you want this repository to be a Redis repository, consider annotating your entities with one of these annotations: org.springframework.data.redis.core.RedisHash (preferred), or consider extending one of the following types with your repository: org.springframework.data.keyvalue.repository.KeyValueRepository
2026-05-23 17:14:22[INFO]org.springframework.data.repository.config.RepositoryConfigurationExtensionSupport-Spring Data Redis - Could not safely identify store assignment for repository candidate interface com.abubakar.connectify.repository.LikeRepository; If you want this repository to be a Redis repository, consider annotating your entities with one of these annotations: org.springframework.data.redis.core.RedisHash (preferred), or consider extending one of the following types with your repository: org.springframework.data.keyvalue.repository.KeyValueRepository
2026-05-23 17:14:22[INFO]org.springframework.data.repository.config.RepositoryConfigurationExtensionSupport-Spring Data Redis - Could not safely identify store assignment for repository candidate interface com.abubakar.connectify.repository.MediaRepository; If you want this repository to be a Redis repository, consider annotating your entities with one of these annotations: org.springframework.data.redis.core.RedisHash (preferred), or consider extending one of the following types with your repository: org.springframework.data.keyvalue.repository.KeyValueRepository
2026-05-23 17:14:22[INFO]org.springframework.data.repository.config.RepositoryConfigurationExtensionSupport-Spring Data Redis - Could not safely identify store assignment for repository candidate interface com.abubakar.connectify.repository.MessageRepository; If you want this repository to be a Redis repository, consider annotating your entities with one of these annotations: org.springframework.data.redis.core.RedisHash (preferred), or consider extending one of the following types with your repository: org.springframework.data.keyvalue.repository.KeyValueRepository
2026-05-23 17:14:22[INFO]org.springframework.data.repository.config.RepositoryConfigurationExtensionSupport-Spring Data Redis - Could not safely identify store assignment for repository candidate interface com.abubakar.connectify.repository.NotificationRepository; If you want this repository to be a Redis repository, consider annotating your entities with one of these annotations: org.springframework.data.redis.core.RedisHash (preferred), or consider extending one of the following types with your repository: org.springframework.data.keyvalue.repository.KeyValueRepository
2026-05-23 17:14:22[INFO]org.springframework.data.repository.config.RepositoryConfigurationExtensionSupport-Spring Data Redis - Could not safely identify store assignment for repository candidate interface com.abubakar.connectify.repository.PostRepository; If you want this repository to be a Redis repository, consider annotating your entities with one of these annotations: org.springframework.data.redis.core.RedisHash (preferred), or consider extending one of the following types with your repository: org.springframework.data.keyvalue.repository.KeyValueRepository
2026-05-23 17:14:22[INFO]org.springframework.data.repository.config.RepositoryConfigurationExtensionSupport-Spring Data Redis - Could not safely identify store assignment for repository candidate interface com.abubakar.connectify.repository.ReportRepository; If you want this repository to be a Redis repository, consider annotating your entities with one of these annotations: org.springframework.data.redis.core.RedisHash (preferred), or consider extending one of the following types with your repository: org.springframework.data.keyvalue.repository.KeyValueRepository
2026-05-23 17:14:22[INFO]org.springframework.data.repository.config.RepositoryConfigurationExtensionSupport-Spring Data Redis - Could not safely identify store assignment for repository candidate interface com.abubakar.connectify.repository.SavedPostRepository; If you want this repository to be a Redis repository, consider annotating your entities with one of these annotations: org.springframework.data.redis.core.RedisHash (preferred), or consider extending one of the following types with your repository: org.springframework.data.keyvalue.repository.KeyValueRepository
2026-05-23 17:14:22[INFO]org.springframework.data.repository.config.RepositoryConfigurationExtensionSupport-Spring Data Redis - Could not safely identify store assignment for repository candidate interface com.abubakar.connectify.repository.StoryReactionRepository; If you want this repository to be a Redis repository, consider annotating your entities with one of these annotations: org.springframework.data.redis.core.RedisHash (preferred), or consider extending one of the following types with your repository: org.springframework.data.keyvalue.repository.KeyValueRepository
2026-05-23 17:14:22[INFO]org.springframework.data.repository.config.RepositoryConfigurationExtensionSupport-Spring Data Redis - Could not safely identify store assignment for repository candidate interface com.abubakar.connectify.repository.StoryReplyRepository; If you want this repository to be a Redis repository, consider annotating your entities with one of these annotations: org.springframework.data.redis.core.RedisHash (preferred), or consider extending one of the following types with your repository: org.springframework.data.keyvalue.repository.KeyValueRepository
2026-05-23 17:14:22[INFO]org.springframework.data.repository.config.RepositoryConfigurationExtensionSupport-Spring Data Redis - Could not safely identify store assignment for repository candidate interface com.abubakar.connectify.repository.StoryRepository; If you want this repository to be a Redis repository, consider annotating your entities with one of these annotations: org.springframework.data.redis.core.RedisHash (preferred), or consider extending one of the following types with your repository: org.springframework.data.keyvalue.repository.KeyValueRepository
2026-05-23 17:14:22[INFO]org.springframework.data.repository.config.RepositoryConfigurationExtensionSupport-Spring Data Redis - Could not safely identify store assignment for repository candidate interface com.abubakar.connectify.repository.StoryViewRepository; If you want this repository to be a Redis repository, consider annotating your entities with one of these annotations: org.springframework.data.redis.core.RedisHash (preferred), or consider extending one of the following types with your repository: org.springframework.data.keyvalue.repository.KeyValueRepository
2026-05-23 17:14:22[INFO]org.springframework.data.repository.config.RepositoryConfigurationExtensionSupport-Spring Data Redis - Could not safely identify store assignment for repository candidate interface com.abubakar.connectify.repository.UserRepository; If you want this repository to be a Redis repository, consider annotating your entities with one of these annotations: org.springframework.data.redis.core.RedisHash (preferred), or consider extending one of the following types with your repository: org.springframework.data.keyvalue.repository.KeyValueRepository
2026-05-23 17:14:22[INFO]org.springframework.data.repository.config.RepositoryConfigurationDelegate-Finished Spring Data repository scanning in 14 ms. Found 0 Redis repository interfaces.
2026-05-23 17:14:23[INFO]org.springframework.boot.tomcat.TomcatWebServer-Tomcat initialized with port 8080 (http)
2026-05-23 17:14:23[INFO]org.apache.coyote.http11.Http11NioProtocol-Initializing ProtocolHandler ["http-nio-8080"]
2026-05-23 17:14:23[INFO]org.apache.catalina.core.StandardService-Starting service [Tomcat]
2026-05-23 17:14:23[INFO]org.apache.catalina.core.StandardEngine-Starting Servlet engine: [Apache Tomcat/11.0.21]
2026-05-23 17:14:23[INFO]org.springframework.boot.web.context.servlet.WebApplicationContextInitializer-Root WebApplicationContext: initialization completed in 2757 ms
2026-05-23 17:14:23[INFO]org.hibernate.orm.jpa-HHH008540: Processing PersistenceUnitInfo [name: default]
2026-05-23 17:14:23[INFO]org.hibernate.orm.core-HHH000001: Hibernate ORM core version 7.2.12.Final
2026-05-23 17:14:24[INFO]org.springframework.orm.jpa.persistenceunit.SpringPersistenceUnitInfo-No LoadTimeWeaver setup: ignoring JPA class transformer
2026-05-23 17:14:24[INFO]com.zaxxer.hikari.HikariDataSource-HikariPool-1 - Starting...
2026-05-23 17:14:24[INFO]com.zaxxer.hikari.pool.HikariPool-HikariPool-1 - Added connection com.mysql.cj.jdbc.ConnectionImpl@3dc7c5fd
2026-05-23 17:14:24[INFO]com.zaxxer.hikari.HikariDataSource-HikariPool-1 - Start completed.
2026-05-23 17:14:24[INFO]org.hibernate.orm.connections.pooling-HHH10001005: Database info:
	Database JDBC URL [jdbc:mysql://localhost:3306/connectifyApp]
	Database driver: MySQL Connector/J
	Database dialect: MySQLDialect
	Database version: 8.0.43
	Default catalog/schema: connectifyApp/undefined
	Autocommit mode: undefined/unknown
	Isolation level: REPEATABLE_READ [default REPEATABLE_READ]
	JDBC fetch size: none
	Pool: DataSourceConnectionProvider
	Minimum pool size: undefined/unknown
	Maximum pool size: undefined/unknown
2026-05-23 17:14:26[INFO]org.hibernate.orm.core-HHH000489: No JTA platform available (set 'hibernate.transaction.jta.platform' to enable JTA platform integration)
2026-05-23 17:14:26[INFO]org.springframework.orm.jpa.LocalContainerEntityManagerFactoryBean-Initialized JPA EntityManagerFactory for persistence unit 'default'
2026-05-23 17:14:26[INFO]org.springframework.data.jpa.repository.query.QueryEnhancerFactories-Hibernate is in classpath; If applicable, HQL parser will be used.
2026-05-23 17:14:27[DEBUG]com.abubakar.connectify.security.JwtFilter-Filter 'jwtFilter' configured for use
2026-05-23 17:14:27[INFO]org.springframework.security.config.annotation.authentication.configuration.InitializeAuthenticationProviderBeanManagerConfigurer$InitializeAuthenticationProviderManagerConfigurer-Global AuthenticationManager configured with AuthenticationProvider bean with name authenticationProvider
2026-05-23 17:14:27[WARN]org.springframework.security.config.annotation.authentication.configuration.InitializeUserDetailsBeanManagerConfigurer$InitializeUserDetailsManagerConfigurer-Global AuthenticationManager configured with an AuthenticationProvider bean. UserDetailsService beans will not be used by Spring Security for automatically configuring username/password login. Consider removing the AuthenticationProvider bean. Alternatively, consider using the UserDetailsService in a manually instantiated DaoAuthenticationProvider. If the current configuration is intentional, to turn off this warning, increase the logging level of 'org.springframework.security.config.annotation.authentication.configuration.InitializeUserDetailsBeanManagerConfigurer' to ERROR
2026-05-23 17:14:28[WARN]org.springframework.boot.jpa.autoconfigure.JpaBaseConfiguration$JpaWebConfiguration-spring.jpa.open-in-view is enabled by default. Therefore, database queries may be performed during view rendering. Explicitly configure spring.jpa.open-in-view to disable this warning
2026-05-23 17:14:30[INFO]org.apache.coyote.http11.Http11NioProtocol-Starting ProtocolHandler ["http-nio-8080"]
2026-05-23 17:14:30[INFO]org.springframework.boot.tomcat.TomcatWebServer-Tomcat started on port 8080 (http) with context path '/'
2026-05-23 17:14:30[INFO]com.abubakar.connectify.ConnectifyApplication-Started ConnectifyApplication in 9.983 seconds (process running for 10.657)
2026-05-23 17:14:30[INFO]com.abubakar.connectify.configuration.StoryCleanupScheduler-Running story cleanup job
2026-05-23 17:14:30[INFO]com.abubakar.connectify.configuration.StoryCleanupScheduler-Expired stories found: 0
2026-05-23 17:14:30[INFO]com.abubakar.connectify.configuration.StoryCleanupScheduler-Story cleanup completed
2026-05-23 17:14:34[INFO]org.springframework.boot.tomcat.GracefulShutdown-Commencing graceful shutdown. Waiting for active requests to complete
2026-05-23 17:14:34[INFO]org.springframework.boot.tomcat.GracefulShutdown-Graceful shutdown complete
2026-05-23 17:14:34[INFO]org.springframework.orm.jpa.LocalContainerEntityManagerFactoryBean-Closing JPA EntityManagerFactory for persistence unit 'default'
2026-05-23 17:14:34[INFO]com.zaxxer.hikari.HikariDataSource-HikariPool-1 - Shutdown initiated...
2026-05-23 17:14:34[INFO]com.zaxxer.hikari.HikariDataSource-HikariPool-1 - Shutdown completed.
