2026-05-31 13:58:20[INFO]org.hibernate.validator.internal.util.Version-HV000001: Hibernate Validator 9.0.1.Final
2026-05-31 13:58:21[INFO]com.abubakar.connectify.ConnectifyApplication-Starting ConnectifyApplication using Java 21.0.9 with PID 10300 (C:\Users\wwwab\Desktop\Sem4InternshipPresentation\2\Connectify\backend\target\classes started by wwwab in C:\Users\wwwab\Desktop\Sem4InternshipPresentation\2\Connectify)
2026-05-31 13:58:21[DEBUG]com.abubakar.connectify.ConnectifyApplication-Running with Spring Boot v4.0.6, Spring v7.0.7
2026-05-31 13:58:21[INFO]com.abubakar.connectify.ConnectifyApplication-The following 1 profile is active: "dev"
2026-05-31 13:58:22[INFO]org.springframework.data.repository.config.RepositoryConfigurationDelegate-Multiple Spring Data modules found, entering strict repository configuration mode
2026-05-31 13:58:22[INFO]org.springframework.data.repository.config.RepositoryConfigurationDelegate-Bootstrapping Spring Data JPA repositories in DEFAULT mode.
2026-05-31 13:58:22[INFO]org.springframework.data.repository.config.RepositoryConfigurationDelegate-Finished Spring Data repository scanning in 230 ms. Found 18 JPA repository interfaces.
2026-05-31 13:58:22[INFO]org.springframework.data.repository.config.RepositoryConfigurationDelegate-Multiple Spring Data modules found, entering strict repository configuration mode
2026-05-31 13:58:22[INFO]org.springframework.data.repository.config.RepositoryConfigurationDelegate-Bootstrapping Spring Data Redis repositories in DEFAULT mode.
2026-05-31 13:58:22[INFO]org.springframework.data.repository.config.RepositoryConfigurationExtensionSupport-Spring Data Redis - Could not safely identify store assignment for repository candidate interface com.abubakar.connectify.repository.ChatParticipantRepository; If you want this repository to be a Redis repository, consider annotating your entities with one of these annotations: org.springframework.data.redis.core.RedisHash (preferred), or consider extending one of the following types with your repository: org.springframework.data.keyvalue.repository.KeyValueRepository
2026-05-31 13:58:22[INFO]org.springframework.data.repository.config.RepositoryConfigurationExtensionSupport-Spring Data Redis - Could not safely identify store assignment for repository candidate interface com.abubakar.connectify.repository.ChatRepository; If you want this repository to be a Redis repository, consider annotating your entities with one of these annotations: org.springframework.data.redis.core.RedisHash (preferred), or consider extending one of the following types with your repository: org.springframework.data.keyvalue.repository.KeyValueRepository
2026-05-31 13:58:22[INFO]org.springframework.data.repository.config.RepositoryConfigurationExtensionSupport-Spring Data Redis - Could not safely identify store assignment for repository candidate interface com.abubakar.connectify.repository.CommentRepository; If you want this repository to be a Redis repository, consider annotating your entities with one of these annotations: org.springframework.data.redis.core.RedisHash (preferred), or consider extending one of the following types with your repository: org.springframework.data.keyvalue.repository.KeyValueRepository
2026-05-31 13:58:22[INFO]org.springframework.data.repository.config.RepositoryConfigurationExtensionSupport-Spring Data Redis - Could not safely identify store assignment for repository candidate interface com.abubakar.connectify.repository.FollowRepository; If you want this repository to be a Redis repository, consider annotating your entities with one of these annotations: org.springframework.data.redis.core.RedisHash (preferred), or consider extending one of the following types with your repository: org.springframework.data.keyvalue.repository.KeyValueRepository
2026-05-31 13:58:22[INFO]org.springframework.data.repository.config.RepositoryConfigurationExtensionSupport-Spring Data Redis - Could not safely identify store assignment for repository candidate interface com.abubakar.connectify.repository.HashtagRepository; If you want this repository to be a Redis repository, consider annotating your entities with one of these annotations: org.springframework.data.redis.core.RedisHash (preferred), or consider extending one of the following types with your repository: org.springframework.data.keyvalue.repository.KeyValueRepository
2026-05-31 13:58:22[INFO]org.springframework.data.repository.config.RepositoryConfigurationExtensionSupport-Spring Data Redis - Could not safely identify store assignment for repository candidate interface com.abubakar.connectify.repository.LikeRepository; If you want this repository to be a Redis repository, consider annotating your entities with one of these annotations: org.springframework.data.redis.core.RedisHash (preferred), or consider extending one of the following types with your repository: org.springframework.data.keyvalue.repository.KeyValueRepository
2026-05-31 13:58:22[INFO]org.springframework.data.repository.config.RepositoryConfigurationExtensionSupport-Spring Data Redis - Could not safely identify store assignment for repository candidate interface com.abubakar.connectify.repository.MediaRepository; If you want this repository to be a Redis repository, consider annotating your entities with one of these annotations: org.springframework.data.redis.core.RedisHash (preferred), or consider extending one of the following types with your repository: org.springframework.data.keyvalue.repository.KeyValueRepository
2026-05-31 13:58:22[INFO]org.springframework.data.repository.config.RepositoryConfigurationExtensionSupport-Spring Data Redis - Could not safely identify store assignment for repository candidate interface com.abubakar.connectify.repository.MessageRepository; If you want this repository to be a Redis repository, consider annotating your entities with one of these annotations: org.springframework.data.redis.core.RedisHash (preferred), or consider extending one of the following types with your repository: org.springframework.data.keyvalue.repository.KeyValueRepository
2026-05-31 13:58:22[INFO]org.springframework.data.repository.config.RepositoryConfigurationExtensionSupport-Spring Data Redis - Could not safely identify store assignment for repository candidate interface com.abubakar.connectify.repository.NotificationRepository; If you want this repository to be a Redis repository, consider annotating your entities with one of these annotations: org.springframework.data.redis.core.RedisHash (preferred), or consider extending one of the following types with your repository: org.springframework.data.keyvalue.repository.KeyValueRepository
2026-05-31 13:58:22[INFO]org.springframework.data.repository.config.RepositoryConfigurationExtensionSupport-Spring Data Redis - Could not safely identify store assignment for repository candidate interface com.abubakar.connectify.repository.PostRepository; If you want this repository to be a Redis repository, consider annotating your entities with one of these annotations: org.springframework.data.redis.core.RedisHash (preferred), or consider extending one of the following types with your repository: org.springframework.data.keyvalue.repository.KeyValueRepository
2026-05-31 13:58:22[INFO]org.springframework.data.repository.config.RepositoryConfigurationExtensionSupport-Spring Data Redis - Could not safely identify store assignment for repository candidate interface com.abubakar.connectify.repository.RefreshTokenRepository; If you want this repository to be a Redis repository, consider annotating your entities with one of these annotations: org.springframework.data.redis.core.RedisHash (preferred), or consider extending one of the following types with your repository: org.springframework.data.keyvalue.repository.KeyValueRepository
2026-05-31 13:58:22[INFO]org.springframework.data.repository.config.RepositoryConfigurationExtensionSupport-Spring Data Redis - Could not safely identify store assignment for repository candidate interface com.abubakar.connectify.repository.ReportRepository; If you want this repository to be a Redis repository, consider annotating your entities with one of these annotations: org.springframework.data.redis.core.RedisHash (preferred), or consider extending one of the following types with your repository: org.springframework.data.keyvalue.repository.KeyValueRepository
2026-05-31 13:58:22[INFO]org.springframework.data.repository.config.RepositoryConfigurationExtensionSupport-Spring Data Redis - Could not safely identify store assignment for repository candidate interface com.abubakar.connectify.repository.SavedPostRepository; If you want this repository to be a Redis repository, consider annotating your entities with one of these annotations: org.springframework.data.redis.core.RedisHash (preferred), or consider extending one of the following types with your repository: org.springframework.data.keyvalue.repository.KeyValueRepository
2026-05-31 13:58:22[INFO]org.springframework.data.repository.config.RepositoryConfigurationExtensionSupport-Spring Data Redis - Could not safely identify store assignment for repository candidate interface com.abubakar.connectify.repository.StoryReactionRepository; If you want this repository to be a Redis repository, consider annotating your entities with one of these annotations: org.springframework.data.redis.core.RedisHash (preferred), or consider extending one of the following types with your repository: org.springframework.data.keyvalue.repository.KeyValueRepository
2026-05-31 13:58:22[INFO]org.springframework.data.repository.config.RepositoryConfigurationExtensionSupport-Spring Data Redis - Could not safely identify store assignment for repository candidate interface com.abubakar.connectify.repository.StoryReplyRepository; If you want this repository to be a Redis repository, consider annotating your entities with one of these annotations: org.springframework.data.redis.core.RedisHash (preferred), or consider extending one of the following types with your repository: org.springframework.data.keyvalue.repository.KeyValueRepository
2026-05-31 13:58:22[INFO]org.springframework.data.repository.config.RepositoryConfigurationExtensionSupport-Spring Data Redis - Could not safely identify store assignment for repository candidate interface com.abubakar.connectify.repository.StoryRepository; If you want this repository to be a Redis repository, consider annotating your entities with one of these annotations: org.springframework.data.redis.core.RedisHash (preferred), or consider extending one of the following types with your repository: org.springframework.data.keyvalue.repository.KeyValueRepository
2026-05-31 13:58:22[INFO]org.springframework.data.repository.config.RepositoryConfigurationExtensionSupport-Spring Data Redis - Could not safely identify store assignment for repository candidate interface com.abubakar.connectify.repository.StoryViewRepository; If you want this repository to be a Redis repository, consider annotating your entities with one of these annotations: org.springframework.data.redis.core.RedisHash (preferred), or consider extending one of the following types with your repository: org.springframework.data.keyvalue.repository.KeyValueRepository
2026-05-31 13:58:22[INFO]org.springframework.data.repository.config.RepositoryConfigurationExtensionSupport-Spring Data Redis - Could not safely identify store assignment for repository candidate interface com.abubakar.connectify.repository.UserRepository; If you want this repository to be a Redis repository, consider annotating your entities with one of these annotations: org.springframework.data.redis.core.RedisHash (preferred), or consider extending one of the following types with your repository: org.springframework.data.keyvalue.repository.KeyValueRepository
2026-05-31 13:58:22[INFO]org.springframework.data.repository.config.RepositoryConfigurationDelegate-Finished Spring Data repository scanning in 12 ms. Found 0 Redis repository interfaces.
2026-05-31 13:58:23[INFO]org.springframework.boot.tomcat.TomcatWebServer-Tomcat initialized with port 8080 (http)
2026-05-31 13:58:23[INFO]org.apache.coyote.http11.Http11NioProtocol-Initializing ProtocolHandler ["http-nio-8080"]
2026-05-31 13:58:23[INFO]org.apache.catalina.core.StandardService-Starting service [Tomcat]
2026-05-31 13:58:23[INFO]org.apache.catalina.core.StandardEngine-Starting Servlet engine: [Apache Tomcat/11.0.21]
2026-05-31 13:58:23[INFO]org.springframework.boot.web.context.servlet.WebApplicationContextInitializer-Root WebApplicationContext: initialization completed in 2377 ms
2026-05-31 13:58:23[INFO]org.hibernate.orm.jpa-HHH008540: Processing PersistenceUnitInfo [name: default]
2026-05-31 13:58:23[INFO]org.hibernate.orm.core-HHH000001: Hibernate ORM core version 7.2.12.Final
2026-05-31 13:58:24[INFO]org.springframework.orm.jpa.persistenceunit.SpringPersistenceUnitInfo-No LoadTimeWeaver setup: ignoring JPA class transformer
2026-05-31 13:58:24[INFO]com.zaxxer.hikari.HikariDataSource-HikariPool-1 - Starting...
2026-05-31 13:58:24[INFO]com.zaxxer.hikari.pool.HikariPool-HikariPool-1 - Added connection com.mysql.cj.jdbc.ConnectionImpl@2fc40856
2026-05-31 13:58:24[INFO]com.zaxxer.hikari.HikariDataSource-HikariPool-1 - Start completed.
2026-05-31 13:58:24[INFO]org.hibernate.orm.connections.pooling-HHH10001005: Database info:
	Database JDBC URL [jdbc:mysql://localhost:3306/connectifyApp]
	Database driver: MySQL Connector/J
	Database dialect: MySQLDialect
	Database version: 8.0.43
	Default catalog/schema: connectifyApp/undefined
	Autocommit mode: undefined/unknown
	Isolation level: REPEATABLE_READ [default REPEATABLE_READ]
	JDBC fetch size: none
	Pool: DataSourceConnectionProvider
	Minimum pool size: undefined/unknown
	Maximum pool size: undefined/unknown
2026-05-31 13:58:25[INFO]org.hibernate.orm.core-HHH000489: No JTA platform available (set 'hibernate.transaction.jta.platform' to enable JTA platform integration)
2026-05-31 13:58:25[INFO]org.springframework.orm.jpa.LocalContainerEntityManagerFactoryBean-Initialized JPA EntityManagerFactory for persistence unit 'default'
2026-05-31 13:58:25[INFO]org.springframework.data.jpa.repository.query.QueryEnhancerFactories-Hibernate is in classpath; If applicable, HQL parser will be used.
2026-05-31 13:58:26[DEBUG]com.abubakar.connectify.configuration.RequestLoggingFilter-Filter 'requestLoggingFilter' configured for use
2026-05-31 13:58:26[DEBUG]com.abubakar.connectify.security.JwtFilter-Filter 'jwtFilter' configured for use
2026-05-31 13:58:27[INFO]org.springframework.security.config.annotation.authentication.configuration.InitializeAuthenticationProviderBeanManagerConfigurer$InitializeAuthenticationProviderManagerConfigurer-Global AuthenticationManager configured with AuthenticationProvider bean with name authenticationProvider
2026-05-31 13:58:27[WARN]org.springframework.security.config.annotation.authentication.configuration.InitializeUserDetailsBeanManagerConfigurer$InitializeUserDetailsManagerConfigurer-Global AuthenticationManager configured with an AuthenticationProvider bean. UserDetailsService beans will not be used by Spring Security for automatically configuring username/password login. Consider removing the AuthenticationProvider bean. Alternatively, consider using the UserDetailsService in a manually instantiated DaoAuthenticationProvider. If the current configuration is intentional, to turn off this warning, increase the logging level of 'org.springframework.security.config.annotation.authentication.configuration.InitializeUserDetailsBeanManagerConfigurer' to ERROR
2026-05-31 13:58:28[WARN]org.springframework.boot.web.server.servlet.context.AnnotationConfigServletWebServerApplicationContext-Exception encountered during context initialization - cancelling refresh attempt: org.springframework.beans.factory.UnsatisfiedDependencyException: Error creating bean with name 'org.springframework.security.config.annotation.web.configuration.WebSecurityConfiguration': Unsatisfied dependency expressed through method 'setFilterChains' parameter 0: Error creating bean with name 'filterChain' defined in class path resource [com/abubakar/connectify/configuration/Config.class]: Unsatisfied dependency expressed through method 'filterChain' parameter 0: Error creating bean with name 'org.springframework.security.config.annotation.web.configuration.HttpSecurityConfiguration': Unsatisfied dependency expressed through method 'setContentNegotiationStrategy' parameter 0: Error creating bean with name 'mvcContentNegotiationManager' defined in class path resource [org/springframework/boot/webmvc/autoconfigure/WebMvcAutoConfiguration$EnableWebMvcConfiguration.class]: Failed to instantiate [org.springframework.web.accept.ContentNegotiationManager]: Factory method 'mvcContentNegotiationManager' threw exception with message: Error creating bean with name 'jacksonJsonHttpMessageConvertersCustomizer' defined in class path resource [org/springframework/boot/http/converter/autoconfigure/JacksonHttpMessageConvertersConfiguration$JacksonJsonHttpMessageConverterConfiguration.class]: Unsatisfied dependency expressed through method 'jacksonJsonHttpMessageConvertersCustomizer' parameter 0: Error creating bean with name 'jacksonJsonMapper' defined in class path resource [org/springframework/boot/jackson/autoconfigure/JacksonAutoConfiguration.class]: Unsatisfied dependency expressed through method 'jacksonJsonMapper' parameter 0: Error creating bean with name 'jsonMapperBuilder' defined in class path resource [org/springframework/boot/jackson/autoconfigure/JacksonAutoConfiguration.class]: Unsatisfied dependency expressed through method 'jsonMapperBuilder' parameter 0: Error creating bean with name 'standardJsonMapperBuilderCustomizer' defined in class path resource [org/springframework/boot/jackson/autoconfigure/JacksonAutoConfiguration$JacksonJsonMapperBuilderCustomizerConfiguration.class]: Unsatisfied dependency expressed through method 'standardJsonMapperBuilderCustomizer' parameter 0: Error creating bean with name 'spring.jackson-org.springframework.boot.jackson.autoconfigure.JacksonProperties': Could not bind properties to 'JacksonProperties' : prefix=spring.jackson, ignoreInvalidFields=false, ignoreUnknownFields=true
2026-05-31 13:58:28[INFO]org.springframework.orm.jpa.LocalContainerEntityManagerFactoryBean-Closing JPA EntityManagerFactory for persistence unit 'default'
2026-05-31 13:58:28[INFO]com.zaxxer.hikari.HikariDataSource-HikariPool-1 - Shutdown initiated...
2026-05-31 13:58:28[INFO]com.zaxxer.hikari.HikariDataSource-HikariPool-1 - Shutdown completed.
2026-05-31 13:58:28[INFO]org.apache.catalina.core.StandardService-Stopping service [Tomcat]
2026-05-31 13:58:28[INFO]org.springframework.boot.autoconfigure.logging.ConditionEvaluationReportLogger-

Error starting ApplicationContext. To display the condition evaluation report re-run your application with 'debug' enabled.
2026-05-31 13:58:28[ERROR]org.springframework.boot.diagnostics.LoggingFailureAnalysisReporter-

***************************
APPLICATION FAILED TO START
***************************

Description:

Failed to bind properties under 'spring.jackson.serialization' to java.util.Map<tools.jackson.databind.SerializationFeature, java.lang.Boolean>:

    Reason: failed to convert java.lang.String to tools.jackson.databind.SerializationFeature (caused by java.lang.IllegalArgumentException: No enum constant tools.jackson.databind.SerializationFeature.write-dates-as-timestamps)

Action:

Update your application's configuration. The following values are valid:

    APPLY_JSON_INCLUDE_FOR_CONTAINERS
    CLOSE_CLOSEABLE
    EAGER_SERIALIZER_FETCH
    FAIL_ON_EMPTY_BEANS
    FAIL_ON_ORDER_MAP_BY_INCOMPARABLE_KEY
    FAIL_ON_SELF_REFERENCES
    FAIL_ON_UNWRAPPED_TYPE_IDENTIFIERS
    FLUSH_AFTER_WRITE_VALUE
    INDENT_OUTPUT
    ORDER_MAP_ENTRIES_BY_KEYS
    USE_EQUALITY_FOR_OBJECT_ID
    WRAP_EXCEPTIONS
    WRAP_ROOT_VALUE
    WRITE_CHAR_ARRAYS_AS_JSON_ARRAYS
    WRITE_EMPTY_JSON_ARRAYS
    WRITE_SELF_REFERENCES_AS_NULL
    WRITE_SINGLE_ELEM_ARRAYS_UNWRAPPED

2026-05-31 14:05:31[INFO]org.hibernate.validator.internal.util.Version-HV000001: Hibernate Validator 9.0.1.Final
2026-05-31 14:05:31[INFO]com.abubakar.connectify.ConnectifyApplication-Starting ConnectifyApplication using Java 21.0.9 with PID 19676 (C:\Users\wwwab\Desktop\Sem4InternshipPresentation\2\Connectify\backend\target\classes started by wwwab in C:\Users\wwwab\Desktop\Sem4InternshipPresentation\2\Connectify)
2026-05-31 14:05:31[DEBUG]com.abubakar.connectify.ConnectifyApplication-Running with Spring Boot v4.0.6, Spring v7.0.7
2026-05-31 14:05:31[INFO]com.abubakar.connectify.ConnectifyApplication-The following 1 profile is active: "dev"
2026-05-31 14:05:32[INFO]org.springframework.data.repository.config.RepositoryConfigurationDelegate-Multiple Spring Data modules found, entering strict repository configuration mode
2026-05-31 14:05:32[INFO]org.springframework.data.repository.config.RepositoryConfigurationDelegate-Bootstrapping Spring Data JPA repositories in DEFAULT mode.
2026-05-31 14:05:32[INFO]org.springframework.data.repository.config.RepositoryConfigurationDelegate-Finished Spring Data repository scanning in 179 ms. Found 18 JPA repository interfaces.
2026-05-31 14:05:32[INFO]org.springframework.data.repository.config.RepositoryConfigurationDelegate-Multiple Spring Data modules found, entering strict repository configuration mode
2026-05-31 14:05:32[INFO]org.springframework.data.repository.config.RepositoryConfigurationDelegate-Bootstrapping Spring Data Redis repositories in DEFAULT mode.
2026-05-31 14:05:32[INFO]org.springframework.data.repository.config.RepositoryConfigurationExtensionSupport-Spring Data Redis - Could not safely identify store assignment for repository candidate interface com.abubakar.connectify.repository.ChatParticipantRepository; If you want this repository to be a Redis repository, consider annotating your entities with one of these annotations: org.springframework.data.redis.core.RedisHash (preferred), or consider extending one of the following types with your repository: org.springframework.data.keyvalue.repository.KeyValueRepository
2026-05-31 14:05:32[INFO]org.springframework.data.repository.config.RepositoryConfigurationExtensionSupport-Spring Data Redis - Could not safely identify store assignment for repository candidate interface com.abubakar.connectify.repository.ChatRepository; If you want this repository to be a Redis repository, consider annotating your entities with one of these annotations: org.springframework.data.redis.core.RedisHash (preferred), or consider extending one of the following types with your repository: org.springframework.data.keyvalue.repository.KeyValueRepository
2026-05-31 14:05:32[INFO]org.springframework.data.repository.config.RepositoryConfigurationExtensionSupport-Spring Data Redis - Could not safely identify store assignment for repository candidate interface com.abubakar.connectify.repository.CommentRepository; If you want this repository to be a Redis repository, consider annotating your entities with one of these annotations: org.springframework.data.redis.core.RedisHash (preferred), or consider extending one of the following types with your repository: org.springframework.data.keyvalue.repository.KeyValueRepository
2026-05-31 14:05:32[INFO]org.springframework.data.repository.config.RepositoryConfigurationExtensionSupport-Spring Data Redis - Could not safely identify store assignment for repository candidate interface com.abubakar.connectify.repository.FollowRepository; If you want this repository to be a Redis repository, consider annotating your entities with one of these annotations: org.springframework.data.redis.core.RedisHash (preferred), or consider extending one of the following types with your repository: org.springframework.data.keyvalue.repository.KeyValueRepository
2026-05-31 14:05:32[INFO]org.springframework.data.repository.config.RepositoryConfigurationExtensionSupport-Spring Data Redis - Could not safely identify store assignment for repository candidate interface com.abubakar.connectify.repository.HashtagRepository; If you want this repository to be a Redis repository, consider annotating your entities with one of these annotations: org.springframework.data.redis.core.RedisHash (preferred), or consider extending one of the following types with your repository: org.springframework.data.keyvalue.repository.KeyValueRepository
2026-05-31 14:05:32[INFO]org.springframework.data.repository.config.RepositoryConfigurationExtensionSupport-Spring Data Redis - Could not safely identify store assignment for repository candidate interface com.abubakar.connectify.repository.LikeRepository; If you want this repository to be a Redis repository, consider annotating your entities with one of these annotations: org.springframework.data.redis.core.RedisHash (preferred), or consider extending one of the following types with your repository: org.springframework.data.keyvalue.repository.KeyValueRepository
2026-05-31 14:05:32[INFO]org.springframework.data.repository.config.RepositoryConfigurationExtensionSupport-Spring Data Redis - Could not safely identify store assignment for repository candidate interface com.abubakar.connectify.repository.MediaRepository; If you want this repository to be a Redis repository, consider annotating your entities with one of these annotations: org.springframework.data.redis.core.RedisHash (preferred), or consider extending one of the following types with your repository: org.springframework.data.keyvalue.repository.KeyValueRepository
2026-05-31 14:05:32[INFO]org.springframework.data.repository.config.RepositoryConfigurationExtensionSupport-Spring Data Redis - Could not safely identify store assignment for repository candidate interface com.abubakar.connectify.repository.MessageRepository; If you want this repository to be a Redis repository, consider annotating your entities with one of these annotations: org.springframework.data.redis.core.RedisHash (preferred), or consider extending one of the following types with your repository: org.springframework.data.keyvalue.repository.KeyValueRepository
2026-05-31 14:05:32[INFO]org.springframework.data.repository.config.RepositoryConfigurationExtensionSupport-Spring Data Redis - Could not safely identify store assignment for repository candidate interface com.abubakar.connectify.repository.NotificationRepository; If you want this repository to be a Redis repository, consider annotating your entities with one of these annotations: org.springframework.data.redis.core.RedisHash (preferred), or consider extending one of the following types with your repository: org.springframework.data.keyvalue.repository.KeyValueRepository
2026-05-31 14:05:32[INFO]org.springframework.data.repository.config.RepositoryConfigurationExtensionSupport-Spring Data Redis - Could not safely identify store assignment for repository candidate interface com.abubakar.connectify.repository.PostRepository; If you want this repository to be a Redis repository, consider annotating your entities with one of these annotations: org.springframework.data.redis.core.RedisHash (preferred), or consider extending one of the following types with your repository: org.springframework.data.keyvalue.repository.KeyValueRepository
2026-05-31 14:05:32[INFO]org.springframework.data.repository.config.RepositoryConfigurationExtensionSupport-Spring Data Redis - Could not safely identify store assignment for repository candidate interface com.abubakar.connectify.repository.RefreshTokenRepository; If you want this repository to be a Redis repository, consider annotating your entities with one of these annotations: org.springframework.data.redis.core.RedisHash (preferred), or consider extending one of the following types with your repository: org.springframework.data.keyvalue.repository.KeyValueRepository
2026-05-31 14:05:32[INFO]org.springframework.data.repository.config.RepositoryConfigurationExtensionSupport-Spring Data Redis - Could not safely identify store assignment for repository candidate interface com.abubakar.connectify.repository.ReportRepository; If you want this repository to be a Redis repository, consider annotating your entities with one of these annotations: org.springframework.data.redis.core.RedisHash (preferred), or consider extending one of the following types with your repository: org.springframework.data.keyvalue.repository.KeyValueRepository
2026-05-31 14:05:32[INFO]org.springframework.data.repository.config.RepositoryConfigurationExtensionSupport-Spring Data Redis - Could not safely identify store assignment for repository candidate interface com.abubakar.connectify.repository.SavedPostRepository; If you want this repository to be a Redis repository, consider annotating your entities with one of these annotations: org.springframework.data.redis.core.RedisHash (preferred), or consider extending one of the following types with your repository: org.springframework.data.keyvalue.repository.KeyValueRepository
2026-05-31 14:05:32[INFO]org.springframework.data.repository.config.RepositoryConfigurationExtensionSupport-Spring Data Redis - Could not safely identify store assignment for repository candidate interface com.abubakar.connectify.repository.StoryReactionRepository; If you want this repository to be a Redis repository, consider annotating your entities with one of these annotations: org.springframework.data.redis.core.RedisHash (preferred), or consider extending one of the following types with your repository: org.springframework.data.keyvalue.repository.KeyValueRepository
2026-05-31 14:05:32[INFO]org.springframework.data.repository.config.RepositoryConfigurationExtensionSupport-Spring Data Redis - Could not safely identify store assignment for repository candidate interface com.abubakar.connectify.repository.StoryReplyRepository; If you want this repository to be a Redis repository, consider annotating your entities with one of these annotations: org.springframework.data.redis.core.RedisHash (preferred), or consider extending one of the following types with your repository: org.springframework.data.keyvalue.repository.KeyValueRepository
2026-05-31 14:05:32[INFO]org.springframework.data.repository.config.RepositoryConfigurationExtensionSupport-Spring Data Redis - Could not safely identify store assignment for repository candidate interface com.abubakar.connectify.repository.StoryRepository; If you want this repository to be a Redis repository, consider annotating your entities with one of these annotations: org.springframework.data.redis.core.RedisHash (preferred), or consider extending one of the following types with your repository: org.springframework.data.keyvalue.repository.KeyValueRepository
2026-05-31 14:05:32[INFO]org.springframework.data.repository.config.RepositoryConfigurationExtensionSupport-Spring Data Redis - Could not safely identify store assignment for repository candidate interface com.abubakar.connectify.repository.StoryViewRepository; If you want this repository to be a Redis repository, consider annotating your entities with one of these annotations: org.springframework.data.redis.core.RedisHash (preferred), or consider extending one of the following types with your repository: org.springframework.data.keyvalue.repository.KeyValueRepository
2026-05-31 14:05:32[INFO]org.springframework.data.repository.config.RepositoryConfigurationExtensionSupport-Spring Data Redis - Could not safely identify store assignment for repository candidate interface com.abubakar.connectify.repository.UserRepository; If you want this repository to be a Redis repository, consider annotating your entities with one of these annotations: org.springframework.data.redis.core.RedisHash (preferred), or consider extending one of the following types with your repository: org.springframework.data.keyvalue.repository.KeyValueRepository
2026-05-31 14:05:32[INFO]org.springframework.data.repository.config.RepositoryConfigurationDelegate-Finished Spring Data repository scanning in 13 ms. Found 0 Redis repository interfaces.
2026-05-31 14:05:33[INFO]org.springframework.boot.tomcat.TomcatWebServer-Tomcat initialized with port 8080 (http)
2026-05-31 14:05:33[INFO]org.apache.coyote.http11.Http11NioProtocol-Initializing ProtocolHandler ["http-nio-8080"]
2026-05-31 14:05:33[INFO]org.apache.catalina.core.StandardService-Starting service [Tomcat]
2026-05-31 14:05:33[INFO]org.apache.catalina.core.StandardEngine-Starting Servlet engine: [Apache Tomcat/11.0.21]
2026-05-31 14:05:33[INFO]org.springframework.boot.web.context.servlet.WebApplicationContextInitializer-Root WebApplicationContext: initialization completed in 2291 ms
2026-05-31 14:05:34[INFO]org.hibernate.orm.jpa-HHH008540: Processing PersistenceUnitInfo [name: default]
2026-05-31 14:05:34[INFO]org.hibernate.orm.core-HHH000001: Hibernate ORM core version 7.2.12.Final
2026-05-31 14:05:34[INFO]org.springframework.orm.jpa.persistenceunit.SpringPersistenceUnitInfo-No LoadTimeWeaver setup: ignoring JPA class transformer
2026-05-31 14:05:34[INFO]com.zaxxer.hikari.HikariDataSource-HikariPool-1 - Starting...
2026-05-31 14:05:34[INFO]com.zaxxer.hikari.pool.HikariPool-HikariPool-1 - Added connection com.mysql.cj.jdbc.ConnectionImpl@2202c92f
2026-05-31 14:05:34[INFO]com.zaxxer.hikari.HikariDataSource-HikariPool-1 - Start completed.
2026-05-31 14:05:34[INFO]org.hibernate.orm.connections.pooling-HHH10001005: Database info:
	Database JDBC URL [jdbc:mysql://localhost:3306/connectifyApp]
	Database driver: MySQL Connector/J
	Database dialect: MySQLDialect
	Database version: 8.0.43
	Default catalog/schema: connectifyApp/undefined
	Autocommit mode: undefined/unknown
	Isolation level: REPEATABLE_READ [default REPEATABLE_READ]
	JDBC fetch size: none
	Pool: DataSourceConnectionProvider
	Minimum pool size: undefined/unknown
	Maximum pool size: undefined/unknown
2026-05-31 14:05:35[INFO]org.hibernate.orm.core-HHH000489: No JTA platform available (set 'hibernate.transaction.jta.platform' to enable JTA platform integration)
2026-05-31 14:05:35[INFO]org.springframework.orm.jpa.LocalContainerEntityManagerFactoryBean-Initialized JPA EntityManagerFactory for persistence unit 'default'
2026-05-31 14:05:35[INFO]org.springframework.data.jpa.repository.query.QueryEnhancerFactories-Hibernate is in classpath; If applicable, HQL parser will be used.
2026-05-31 14:05:36[DEBUG]com.abubakar.connectify.configuration.RequestLoggingFilter-Filter 'requestLoggingFilter' configured for use
2026-05-31 14:05:36[DEBUG]com.abubakar.connectify.security.JwtFilter-Filter 'jwtFilter' configured for use
2026-05-31 14:05:37[INFO]org.springframework.security.config.annotation.authentication.configuration.InitializeAuthenticationProviderBeanManagerConfigurer$InitializeAuthenticationProviderManagerConfigurer-Global AuthenticationManager configured with AuthenticationProvider bean with name authenticationProvider
2026-05-31 14:05:37[WARN]org.springframework.security.config.annotation.authentication.configuration.InitializeUserDetailsBeanManagerConfigurer$InitializeUserDetailsManagerConfigurer-Global AuthenticationManager configured with an AuthenticationProvider bean. UserDetailsService beans will not be used by Spring Security for automatically configuring username/password login. Consider removing the AuthenticationProvider bean. Alternatively, consider using the UserDetailsService in a manually instantiated DaoAuthenticationProvider. If the current configuration is intentional, to turn off this warning, increase the logging level of 'org.springframework.security.config.annotation.authentication.configuration.InitializeUserDetailsBeanManagerConfigurer' to ERROR
2026-05-31 14:05:39[INFO]org.apache.coyote.http11.Http11NioProtocol-Starting ProtocolHandler ["http-nio-8080"]
2026-05-31 14:05:39[INFO]org.springframework.boot.tomcat.TomcatWebServer-Tomcat started on port 8080 (http) with context path '/'
2026-05-31 14:05:39[INFO]com.abubakar.connectify.ConnectifyApplication-Started ConnectifyApplication in 8.028 seconds (process running for 8.6)
2026-05-31 14:05:39[INFO]com.abubakar.connectify.scheduler.StoryCleanupScheduler-Running story cleanup job
2026-05-31 14:05:39[INFO]com.abubakar.connectify.scheduler.StoryCleanupScheduler-Expired stories found: 0
2026-05-31 14:05:39[INFO]com.abubakar.connectify.scheduler.StoryCleanupScheduler-Story cleanup completed
2026-05-31 14:05:44[INFO]org.springframework.boot.tomcat.GracefulShutdown-Commencing graceful shutdown. Waiting for active requests to complete
2026-05-31 14:05:44[INFO]org.springframework.boot.tomcat.GracefulShutdown-Graceful shutdown complete
2026-05-31 14:05:45[INFO]org.springframework.orm.jpa.LocalContainerEntityManagerFactoryBean-Closing JPA EntityManagerFactory for persistence unit 'default'
2026-05-31 14:05:45[INFO]com.zaxxer.hikari.HikariDataSource-HikariPool-1 - Shutdown initiated...
2026-05-31 14:05:45[INFO]com.zaxxer.hikari.HikariDataSource-HikariPool-1 - Shutdown completed.
